<?xml version="1.0" encoding="UTF-8"?>
<testng-results skipped="1" failed="0" ignored="0" total="1" passed="0">
  <reporter-output>
  </reporter-output>
  <suite name="Default suite" duration-ms="2525" started-at="2020-07-09T20:00:28 IST" finished-at="2020-07-09T20:00:30 IST">
    <groups>
    </groups>
    <test name="Default test" duration-ms="2525" started-at="2020-07-09T20:00:28 IST" finished-at="2020-07-09T20:00:30 IST">
      <class name="LearnMocking">
        <test-method status="FAIL" signature="setUpStub()[pri:0, instance:LearnMocking@e320068]" name="setUpStub" is-config="true" duration-ms="2450" started-at="2020-07-09T20:00:28 IST" finished-at="2020-07-09T20:00:30 IST">
          <exception class="com.github.tomakehurst.wiremock.common.JsonException">
            <message>
              <![CDATA[{
  "errors" : [ {
    "code" : 10,
    "source" : { },
    "title" : "Error parsing JSON",
    "detail" : "Unexpected character ('<' (code 60)): expected a valid value (JSON String, Number, Array, Object or token 'null', 'true' or 'false')\n at [Source: (String)\"<!DOCTYPE HTML PUBLIC \"-//IETF//DTD HTML 2.0//EN\">\n<HTML><HEAD>\n<TITLE>404 Not found</TITLE>\n</HEAD><BODY><H1>Not found</H1>\nThe requested URL /__admin/mappings was not found on this server</BODY></HTML>\r\n\"; line: 1, column: 2]"
  } ]
}]]>
            </message>
            <full-stacktrace>
              <![CDATA[com.github.tomakehurst.wiremock.common.JsonException: {
  "errors" : [ {
    "code" : 10,
    "source" : { },
    "title" : "Error parsing JSON",
    "detail" : "Unexpected character ('<' (code 60)): expected a valid value (JSON String, Number, Array, Object or token 'null', 'true' or 'false')\n at [Source: (String)\"<!DOCTYPE HTML PUBLIC \"-//IETF//DTD HTML 2.0//EN\">\n<HTML><HEAD>\n<TITLE>404 Not found</TITLE>\n</HEAD><BODY><H1>Not found</H1>\nThe requested URL /__admin/mappings was not found on this server</BODY></HTML>\r\n\"; line: 1, column: 2]"
  } ]
}
at com.github.tomakehurst.wiremock.common.JsonException.fromJackson(JsonException.java:53)
at com.github.tomakehurst.wiremock.common.Json.read(Json.java:55)
at com.github.tomakehurst.wiremock.client.HttpAdminClient.safelyExecuteRequest(HttpAdminClient.java:486)
at com.github.tomakehurst.wiremock.client.HttpAdminClient.executeRequest(HttpAdminClient.java:454)
at com.github.tomakehurst.wiremock.client.HttpAdminClient.addStubMapping(HttpAdminClient.java:131)
at com.github.tomakehurst.wiremock.client.WireMock.register(WireMock.java:298)
at com.github.tomakehurst.wiremock.client.WireMock.register(WireMock.java:293)
at com.github.tomakehurst.wiremock.client.WireMock.givenThat(WireMock.java:104)
at com.github.tomakehurst.wiremock.client.WireMock.stubFor(WireMock.java:108)
at LearnMocking.setUpStub(LearnMocking.java:16)
at sun.reflect.NativeMethodAccessorImpl.invoke0(Native Method)
at sun.reflect.NativeMethodAccessorImpl.invoke(NativeMethodAccessorImpl.java:62)
at sun.reflect.DelegatingMethodAccessorImpl.invoke(DelegatingMethodAccessorImpl.java:43)
at java.lang.reflect.Method.invoke(Method.java:498)
at org.testng.internal.MethodInvocationHelper.invokeMethod(MethodInvocationHelper.java:134)
at org.testng.internal.MethodInvocationHelper.invokeMethodConsideringTimeout(MethodInvocationHelper.java:63)
at org.testng.internal.ConfigInvoker.invokeConfigurationMethod(ConfigInvoker.java:348)
at org.testng.internal.ConfigInvoker.invokeConfigurations(ConfigInvoker.java:302)
at org.testng.internal.TestInvoker.runConfigMethods(TestInvoker.java:695)
at org.testng.internal.TestInvoker.invokeMethod(TestInvoker.java:523)
at org.testng.internal.TestInvoker.invokeTestMethod(TestInvoker.java:173)
at org.testng.internal.MethodRunner.runInSequence(MethodRunner.java:46)
at org.testng.internal.TestInvoker$MethodInvocationAgent.invoke(TestInvoker.java:816)
at org.testng.internal.TestInvoker.invokeTestMethods(TestInvoker.java:146)
at org.testng.internal.TestMethodWorker.invokeTestMethods(TestMethodWorker.java:146)
at org.testng.internal.TestMethodWorker.run(TestMethodWorker.java:128)
at java.util.ArrayList.forEach(ArrayList.java:1257)
at org.testng.TestRunner.privateRun(TestRunner.java:766)
at org.testng.TestRunner.run(TestRunner.java:587)
at org.testng.SuiteRunner.runTest(SuiteRunner.java:384)
at org.testng.SuiteRunner.runSequentially(SuiteRunner.java:378)
at org.testng.SuiteRunner.privateRun(SuiteRunner.java:337)
at org.testng.SuiteRunner.run(SuiteRunner.java:286)
at org.testng.SuiteRunnerWorker.runSuite(SuiteRunnerWorker.java:53)
at org.testng.SuiteRunnerWorker.run(SuiteRunnerWorker.java:96)
at org.testng.TestNG.runSuitesSequentially(TestNG.java:1187)
at org.testng.TestNG.runSuitesLocally(TestNG.java:1109)
at org.testng.TestNG.runSuites(TestNG.java:1039)
at org.testng.TestNG.run(TestNG.java:1007)
at org.testng.remote.AbstractRemoteTestNG.run(AbstractRemoteTestNG.java:115)
at org.testng.remote.RemoteTestNG.initAndRun(RemoteTestNG.java:251)
at org.testng.remote.RemoteTestNG.main(RemoteTestNG.java:77)
]]>
            </full-stacktrace>
          </exception> <!-- com.github.tomakehurst.wiremock.common.JsonException -->
          <reporter-output>
          </reporter-output>
        </test-method> <!-- setUpStub -->
        <test-method status="SKIP" signature="runGetMethod()[pri:0, instance:LearnMocking@e320068]" name="runGetMethod" duration-ms="0" started-at="2020-07-09T20:00:30 IST" finished-at="2020-07-09T20:00:30 IST">
          <exception class="com.github.tomakehurst.wiremock.common.JsonException">
            <message>
              <![CDATA[{
  "errors" : [ {
    "code" : 10,
    "source" : { },
    "title" : "Error parsing JSON",
    "detail" : "Unexpected character ('<' (code 60)): expected a valid value (JSON String, Number, Array, Object or token 'null', 'true' or 'false')\n at [Source: (String)\"<!DOCTYPE HTML PUBLIC \"-//IETF//DTD HTML 2.0//EN\">\n<HTML><HEAD>\n<TITLE>404 Not found</TITLE>\n</HEAD><BODY><H1>Not found</H1>\nThe requested URL /__admin/mappings was not found on this server</BODY></HTML>\r\n\"; line: 1, column: 2]"
  } ]
}]]>
            </message>
            <full-stacktrace>
              <![CDATA[com.github.tomakehurst.wiremock.common.JsonException: {
  "errors" : [ {
    "code" : 10,
    "source" : { },
    "title" : "Error parsing JSON",
    "detail" : "Unexpected character ('<' (code 60)): expected a valid value (JSON String, Number, Array, Object or token 'null', 'true' or 'false')\n at [Source: (String)\"<!DOCTYPE HTML PUBLIC \"-//IETF//DTD HTML 2.0//EN\">\n<HTML><HEAD>\n<TITLE>404 Not found</TITLE>\n</HEAD><BODY><H1>Not found</H1>\nThe requested URL /__admin/mappings was not found on this server</BODY></HTML>\r\n\"; line: 1, column: 2]"
  } ]
}
at com.github.tomakehurst.wiremock.common.JsonException.fromJackson(JsonException.java:53)
at com.github.tomakehurst.wiremock.common.Json.read(Json.java:55)
at com.github.tomakehurst.wiremock.client.HttpAdminClient.safelyExecuteRequest(HttpAdminClient.java:486)
at com.github.tomakehurst.wiremock.client.HttpAdminClient.executeRequest(HttpAdminClient.java:454)
at com.github.tomakehurst.wiremock.client.HttpAdminClient.addStubMapping(HttpAdminClient.java:131)
at com.github.tomakehurst.wiremock.client.WireMock.register(WireMock.java:298)
at com.github.tomakehurst.wiremock.client.WireMock.register(WireMock.java:293)
at com.github.tomakehurst.wiremock.client.WireMock.givenThat(WireMock.java:104)
at com.github.tomakehurst.wiremock.client.WireMock.stubFor(WireMock.java:108)
at LearnMocking.setUpStub(LearnMocking.java:16)
at sun.reflect.NativeMethodAccessorImpl.invoke0(Native Method)
at sun.reflect.NativeMethodAccessorImpl.invoke(NativeMethodAccessorImpl.java:62)
at sun.reflect.DelegatingMethodAccessorImpl.invoke(DelegatingMethodAccessorImpl.java:43)
at java.lang.reflect.Method.invoke(Method.java:498)
at org.testng.internal.MethodInvocationHelper.invokeMethod(MethodInvocationHelper.java:134)
at org.testng.internal.MethodInvocationHelper.invokeMethodConsideringTimeout(MethodInvocationHelper.java:63)
at org.testng.internal.ConfigInvoker.invokeConfigurationMethod(ConfigInvoker.java:348)
at org.testng.internal.ConfigInvoker.invokeConfigurations(ConfigInvoker.java:302)
at org.testng.internal.TestInvoker.runConfigMethods(TestInvoker.java:695)
at org.testng.internal.TestInvoker.invokeMethod(TestInvoker.java:523)
at org.testng.internal.TestInvoker.invokeTestMethod(TestInvoker.java:173)
at org.testng.internal.MethodRunner.runInSequence(MethodRunner.java:46)
at org.testng.internal.TestInvoker$MethodInvocationAgent.invoke(TestInvoker.java:816)
at org.testng.internal.TestInvoker.invokeTestMethods(TestInvoker.java:146)
at org.testng.internal.TestMethodWorker.invokeTestMethods(TestMethodWorker.java:146)
at org.testng.internal.TestMethodWorker.run(TestMethodWorker.java:128)
at java.util.ArrayList.forEach(ArrayList.java:1257)
at org.testng.TestRunner.privateRun(TestRunner.java:766)
at org.testng.TestRunner.run(TestRunner.java:587)
at org.testng.SuiteRunner.runTest(SuiteRunner.java:384)
at org.testng.SuiteRunner.runSequentially(SuiteRunner.java:378)
at org.testng.SuiteRunner.privateRun(SuiteRunner.java:337)
at org.testng.SuiteRunner.run(SuiteRunner.java:286)
at org.testng.SuiteRunnerWorker.runSuite(SuiteRunnerWorker.java:53)
at org.testng.SuiteRunnerWorker.run(SuiteRunnerWorker.java:96)
at org.testng.TestNG.runSuitesSequentially(TestNG.java:1187)
at org.testng.TestNG.runSuitesLocally(TestNG.java:1109)
at org.testng.TestNG.runSuites(TestNG.java:1039)
at org.testng.TestNG.run(TestNG.java:1007)
at org.testng.remote.AbstractRemoteTestNG.run(AbstractRemoteTestNG.java:115)
at org.testng.remote.RemoteTestNG.initAndRun(RemoteTestNG.java:251)
at org.testng.remote.RemoteTestNG.main(RemoteTestNG.java:77)
]]>
            </full-stacktrace>
          </exception> <!-- com.github.tomakehurst.wiremock.common.JsonException -->
          <reporter-output>
          </reporter-output>
        </test-method> <!-- runGetMethod -->
      </class> <!-- LearnMocking -->
    </test> <!-- Default test -->
  </suite> <!-- Default suite -->
</testng-results>
