<?xml version="1.0" encoding="UTF-8"?>
<!-- Generated by org.testng.reporters.JUnitReportReporter -->
<testsuite skipped="1" hostname="DESKTOP-U8UDBFC" name="LearnMocking" tests="2" failures="0" timestamp="2020-07-09T20:00:31 IST" time="2.450" errors="1">
  <testcase name="setUpStub" time="2.450" classname="LearnMocking">
    <error type="com.github.tomakehurst.wiremock.common.JsonException" message="{
  &quot;errors&quot; : [ {
    &quot;code&quot; : 10,
    &quot;source&quot; : { },
    &quot;title&quot; : &quot;Error parsing JSON&quot;,
    &quot;detail&quot; : &quot;Unexpected character (&#039;&lt;&#039; (code 60)): expected a valid value (JSON String, Number, Array, Object or token &#039;null&#039;, &#039;true&#039; or &#039;false&#039;)\n at [Source: (String)\&quot;&lt;!DOCTYPE HTML PUBLIC \&quot;-//IETF//DTD HTML 2.0//EN\&quot;&gt;\n&lt;HTML&gt;&lt;HEAD&gt;\n&lt;TITLE&gt;404 Not found&lt;/TITLE&gt;\n&lt;/HEAD&gt;&lt;BODY&gt;&lt;H1&gt;Not found&lt;/H1&gt;\nThe requested URL /__admin/mappings was not found on this server&lt;/BODY&gt;&lt;/HTML&gt;\r\n\&quot;; line: 1, column: 2]&quot;
  } ]
}">
      <![CDATA[com.github.tomakehurst.wiremock.common.JsonException: {
  "errors" : [ {
    "code" : 10,
    "source" : { },
    "title" : "Error parsing JSON",
    "detail" : "Unexpected character ('<' (code 60)): expected a valid value (JSON String, Number, Array, Object or token 'null', 'true' or 'false')\n at [Source: (String)\"<!DOCTYPE HTML PUBLIC \"-//IETF//DTD HTML 2.0//EN\">\n<HTML><HEAD>\n<TITLE>404 Not found</TITLE>\n</HEAD><BODY><H1>Not found</H1>\nThe requested URL /__admin/mappings was not found on this server</BODY></HTML>\r\n\"; line: 1, column: 2]"
  } ]
}
at com.github.tomakehurst.wiremock.common.JsonException.fromJackson(JsonException.java:53)
at com.github.tomakehurst.wiremock.common.Json.read(Json.java:55)
at com.github.tomakehurst.wiremock.client.HttpAdminClient.safelyExecuteRequest(HttpAdminClient.java:486)
at com.github.tomakehurst.wiremock.client.HttpAdminClient.executeRequest(HttpAdminClient.java:454)
at com.github.tomakehurst.wiremock.client.HttpAdminClient.addStubMapping(HttpAdminClient.java:131)
at com.github.tomakehurst.wiremock.client.WireMock.register(WireMock.java:298)
at com.github.tomakehurst.wiremock.client.WireMock.register(WireMock.java:293)
at com.github.tomakehurst.wiremock.client.WireMock.givenThat(WireMock.java:104)
at com.github.tomakehurst.wiremock.client.WireMock.stubFor(WireMock.java:108)
at LearnMocking.setUpStub(LearnMocking.java:16)
at sun.reflect.NativeMethodAccessorImpl.invoke0(Native Method)
at sun.reflect.NativeMethodAccessorImpl.invoke(NativeMethodAccessorImpl.java:62)
at sun.reflect.DelegatingMethodAccessorImpl.invoke(DelegatingMethodAccessorImpl.java:43)
at java.lang.reflect.Method.invoke(Method.java:498)
at org.testng.internal.MethodInvocationHelper.invokeMethod(MethodInvocationHelper.java:134)
at org.testng.internal.MethodInvocationHelper.invokeMethodConsideringTimeout(MethodInvocationHelper.java:63)
at org.testng.internal.ConfigInvoker.invokeConfigurationMethod(ConfigInvoker.java:348)
at org.testng.internal.ConfigInvoker.invokeConfigurations(ConfigInvoker.java:302)
at org.testng.internal.TestInvoker.runConfigMethods(TestInvoker.java:695)
at org.testng.internal.TestInvoker.invokeMethod(TestInvoker.java:523)
at org.testng.internal.TestInvoker.invokeTestMethod(TestInvoker.java:173)
at org.testng.internal.MethodRunner.runInSequence(MethodRunner.java:46)
at org.testng.internal.TestInvoker$MethodInvocationAgent.invoke(TestInvoker.java:816)
at org.testng.internal.TestInvoker.invokeTestMethods(TestInvoker.java:146)
at org.testng.internal.TestMethodWorker.invokeTestMethods(TestMethodWorker.java:146)
at org.testng.internal.TestMethodWorker.run(TestMethodWorker.java:128)
at java.util.ArrayList.forEach(ArrayList.java:1257)
at org.testng.TestRunner.privateRun(TestRunner.java:766)
at org.testng.TestRunner.run(TestRunner.java:587)
at org.testng.SuiteRunner.runTest(SuiteRunner.java:384)
at org.testng.SuiteRunner.runSequentially(SuiteRunner.java:378)
at org.testng.SuiteRunner.privateRun(SuiteRunner.java:337)
at org.testng.SuiteRunner.run(SuiteRunner.java:286)
at org.testng.SuiteRunnerWorker.runSuite(SuiteRunnerWorker.java:53)
at org.testng.SuiteRunnerWorker.run(SuiteRunnerWorker.java:96)
at org.testng.TestNG.runSuitesSequentially(TestNG.java:1187)
at org.testng.TestNG.runSuitesLocally(TestNG.java:1109)
at org.testng.TestNG.runSuites(TestNG.java:1039)
at org.testng.TestNG.run(TestNG.java:1007)
at org.testng.remote.AbstractRemoteTestNG.run(AbstractRemoteTestNG.java:115)
at org.testng.remote.RemoteTestNG.initAndRun(RemoteTestNG.java:251)
at org.testng.remote.RemoteTestNG.main(RemoteTestNG.java:77)
]]>
    </error>
  </testcase> <!-- setUpStub -->
  <system-out/>
  <testcase name="runGetMethod" time="0.000" classname="LearnMocking">
    <skipped/>
  </testcase> <!-- runGetMethod -->
  <system-out/>
</testsuite> <!-- LearnMocking -->
